{
  "RSpec": {
    "coverage": {
      "/Users/kyleperez/Desktop/plant-life-app/spec/mailers/order_mailer_spec.rb": {
        "lines": [
          1,
          null,
          1,
          1,
          null
        ]
      },
      "/Users/kyleperez/Desktop/plant-life-app/spec/rails_helper.rb": {
        "lines": [
          null,
          1,
          1,
          1,
          null,
          1,
          1,
          1,
          null,
          null,
          null,
          null,
          null,
          null,
          null,
          null,
          null,
          null,
          null,
          null,
          null,
          null,
          null,
          null,
          null,
          null,
          null,
          null,
          1,
          null,
          0,
          0,
          null,
          1,
          null,
          1,
          null,
          null,
          null,
          null,
          1,
          null,
          null,
          null,
          null,
          null,
          null,
          null,
          null,
          null,
          null,
          null,
          null,
          null,
          null,
          null,
          null,
          null,
          1,
          null,
          null,
          1,
          null,
          null,
          1,
          1,
          1,
          1,
          null,
          null,
          null
        ]
      },
      "/Users/kyleperez/Desktop/plant-life-app/config/environment.rb": {
        "lines": [
          null,
          1,
          null,
          null,
          1
        ]
      },
      "/Users/kyleperez/Desktop/plant-life-app/config/application.rb": {
        "lines": [
          1,
          null,
          1,
          null,
          1,
          1,
          1,
          1,
          1,
          1,
          1,
          1,
          1,
          null,
          null,
          null,
          null,
          1,
          null,
          1,
          1,
          null,
          1,
          null,
          null,
          null,
          null,
          null,
          null,
          null,
          1,
          null,
          null
        ]
      },
      "/Users/kyleperez/Desktop/plant-life-app/config/boot.rb": {
        "lines": [
          1,
          null,
          1,
          1
        ]
      },
      "/Users/kyleperez/Desktop/plant-life-app/config/environments/test.rb": {
        "lines": [
          1,
          null,
          null,
          null,
          null,
          null,
          null,
          1,
          null,
          null,
          null,
          null,
          1,
          null,
          null,
          1,
          1,
          null,
          null,
          null,
          null,
          1,
          1,
          null,
          null,
          1,
          null,
          null,
          1,
          null,
          null,
          1,
          null,
          1,
          null,
          null,
          null,
          null,
          1,
          null,
          null,
          1,
          null,
          null,
          null,
          null
        ]
      },
      "/Users/kyleperez/Desktop/plant-life-app/config/initializers/active_admin.rb": {
        "lines": [
          1,
          null,
          null,
          null,
          null,
          null,
          1,
          null,
          null,
          null,
          null,
          null,
          null,
          null,
          null,
          null,
          null,
          null,
          null,
          null,
          null,
          null,
          null,
          null,
          null,
          null,
          null,
          null,
          null,
          null,
          null,
          null,
          null,
          null,
          null,
          null,
          null,
          null,
          null,
          null,
          null,
          null,
          null,
          null,
          null,
          null,
          null,
          null,
          null,
          null,
          null,
          null,
          null,
          null,
          null,
          null,
          1,
          null,
          null,
          null,
          null,
          null,
          null,
          null,
          null,
          null,
          null,
          null,
          null,
          null,
          null,
          null,
          null,
          null,
          null,
          null,
          null,
          null,
          null,
          null,
          null,
          null,
          null,
          null,
          null,
          null,
          null,
          null,
          null,
          null,
          null,
          null,
          null,
          1,
          null,
          null,
          null,
          null,
          null,
          null,
          null,
          null,
          null,
          null,
          null,
          1,
          null,
          null,
          null,
          null,
          null,
          null,
          null,
          null,
          null,
          null,
          null,
          null,
          null,
          null,
          null,
          null,
          null,
          null,
          null,
          null,
          null,
          null,
          null,
          null,
          null,
          null,
          null,
          null,
          null,
          null,
          null,
          null,
          null,
          null,
          null,
          null,
          null,
          null,
          null,
          1,
          null,
          null,
          null,
          null,
          null,
          null,
          null,
          null,
          null,
          null,
          null,
          null,
          null,
          1,
          null,
          null,
          null,
          null,
          null,
          null,
          null,
          null,
          null,
          null,
          1,
          null,
          null,
          null,
          null,
          null,
          null,
          null,
          null,
          null,
          null,
          null,
          null,
          null,
          null,
          null,
          null,
          null,
          null,
          null,
          null,
          null,
          null,
          null,
          null,
          null,
          null,
          null,
          null,
          null,
          null,
          null,
          null,
          null,
          null,
          null,
          null,
          null,
          null,
          null,
          null,
          null,
          null,
          null,
          null,
          null,
          null,
          null,
          null,
          null,
          null,
          null,
          null,
          null,
          null,
          null,
          null,
          null,
          null,
          null,
          null,
          null,
          null,
          null,
          null,
          null,
          null,
          null,
          null,
          null,
          null,
          null,
          null,
          null,
          null,
          null,
          null,
          null,
          null,
          null,
          null,
          null,
          null,
          null,
          null,
          null,
          null,
          null,
          null,
          null,
          null,
          null,
          null,
          null,
          null,
          null,
          null,
          null,
          null,
          null,
          null,
          null,
          null,
          null,
          null,
          null,
          null,
          null,
          null,
          null,
          null,
          null,
          null,
          null,
          null,
          null,
          null,
          null,
          null,
          null,
          null,
          null,
          null,
          null,
          null,
          null,
          null,
          null,
          null,
          null,
          null,
          null,
          null,
          null,
          null,
          null,
          null,
          null,
          null,
          null,
          null,
          null,
          null,
          null,
          null,
          null,
          null,
          null,
          null,
          null,
          null,
          null,
          null,
          null,
          null,
          null,
          null,
          null,
          null,
          null,
          null,
          null,
          null,
          null,
          null
        ]
      },
      "/Users/kyleperez/Desktop/plant-life-app/config/initializers/application_controller_renderer.rb": {
        "lines": [
          null,
          null,
          null,
          null,
          null,
          null,
          null,
          null
        ]
      },
      "/Users/kyleperez/Desktop/plant-life-app/config/initializers/assets.rb": {
        "lines": [
          null,
          null,
          null,
          1,
          null,
          null,
          null,
          null,
          1,
          null,
          null,
          null,
          null,
          null
        ]
      },
      "/Users/kyleperez/Desktop/plant-life-app/config/initializers/backtrace_silencers.rb": {
        "lines": [
          null,
          null,
          null,
          null,
          null,
          null,
          null
        ]
      },
      "/Users/kyleperez/Desktop/plant-life-app/config/initializers/content_security_policy.rb": {
        "lines": [
          null,
          null,
          null,
          null,
          null,
          null,
          null,
          null,
          null,
          null,
          null,
          null,
          null,
          null,
          null,
          null,
          null,
          null,
          null,
          null,
          null,
          null,
          null,
          null,
          null
        ]
      },
      "/Users/kyleperez/Desktop/plant-life-app/config/initializers/cookies_serializer.rb": {
        "lines": [
          null,
          null,
          null,
          null,
          1
        ]
      },
      "/Users/kyleperez/Desktop/plant-life-app/config/initializers/devise.rb": {
        "lines": [
          null,
          null,
          null,
          null,
          null,
          null,
          null,
          null,
          null,
          null,
          1,
          null,
          null,
          null,
          null,
          null,
          null,
          null,
          null,
          null,
          null,
          null,
          null,
          null,
          null,
          null,
          1,
          null,
          null,
          null,
          null,
          null,
          null,
          null,
          null,
          null,
          null,
          null,
          1,
          null,
          null,
          null,
          null,
          null,
          null,
          null,
          null,
          null,
          null,
          null,
          null,
          null,
          null,
          null,
          null,
          null,
          null,
          null,
          null,
          null,
          1,
          null,
          null,
          null,
          null,
          1,
          null,
          null,
          null,
          null,
          null,
          null,
          null,
          null,
          null,
          null,
          null,
          null,
          null,
          null,
          null,
          null,
          null,
          null,
          null,
          null,
          null,
          null,
          null,
          null,
          null,
          null,
          null,
          null,
          null,
          null,
          null,
          null,
          null,
          1,
          null,
          null,
          null,
          null,
          null,
          null,
          null,
          null,
          null,
          null,
          null,
          null,
          null,
          null,
          null,
          null,
          null,
          null,
          null,
          null,
          null,
          null,
          null,
          null,
          null,
          1,
          null,
          null,
          null,
          null,
          null,
          null,
          null,
          null,
          null,
          null,
          null,
          null,
          null,
          null,
          null,
          null,
          null,
          null,
          null,
          null,
          null,
          null,
          null,
          null,
          null,
          null,
          null,
          null,
          null,
          null,
          null,
          null,
          null,
          1,
          null,
          null,
          null,
          null,
          null,
          null,
          null,
          null,
          null,
          1,
          null,
          null,
          null,
          null,
          null,
          null,
          null,
          null,
          null,
          null,
          1,
          null,
          null,
          null,
          null,
          1,
          null,
          null,
          null,
          null,
          null,
          null,
          null,
          null,
          null,
          null,
          null,
          null,
          null,
          null,
          null,
          null,
          null,
          null,
          null,
          null,
          null,
          null,
          null,
          null,
          null,
          null,
          null,
          null,
          null,
          null,
          null,
          null,
          null,
          null,
          null,
          null,
          null,
          null,
          null,
          null,
          1,
          null,
          null,
          null,
          null,
          null,
          null,
          null,
          null,
          null,
          null,
          null,
          null,
          null,
          null,
          null,
          null,
          null,
          null,
          null,
          null,
          null,
          null,
          null,
          null,
          null,
          null,
          null,
          null,
          null,
          null,
          null,
          null,
          null,
          null,
          null,
          null,
          null,
          null,
          null,
          null,
          null,
          1,
          null,
          null,
          null,
          null,
          null,
          null,
          null,
          null,
          null,
          null,
          null,
          null,
          null,
          null,
          null,
          null,
          null,
          null,
          null,
          null,
          null,
          null,
          null,
          null,
          null,
          null,
          null,
          null,
          null,
          null,
          null,
          null,
          null,
          null,
          null,
          null,
          null,
          null,
          null,
          null,
          null,
          null,
          null,
          null,
          null
        ]
      },
      "/Users/kyleperez/Desktop/plant-life-app/config/initializers/filter_parameter_logging.rb": {
        "lines": [
          null,
          null,
          null,
          1
        ]
      },
      "/Users/kyleperez/Desktop/plant-life-app/config/initializers/inflections.rb": {
        "lines": [
          null,
          null,
          null,
          null,
          null,
          null,
          null,
          null,
          null,
          null,
          null,
          null,
          null,
          null,
          null,
          null
        ]
      },
      "/Users/kyleperez/Desktop/plant-life-app/config/initializers/kaminari_config.rb": {
        "lines": [
          null,
          null,
          1,
          1,
          null,
          null,
          null,
          null,
          null,
          1,
          1,
          null,
          null,
          null
        ]
      },
      "/Users/kyleperez/Desktop/plant-life-app/config/initializers/mime_types.rb": {
        "lines": [
          null,
          null,
          null,
          null
        ]
      },
      "/Users/kyleperez/Desktop/plant-life-app/config/initializers/wrap_parameters.rb": {
        "lines": [
          null,
          null,
          null,
          null,
          null,
          null,
          1,
          2,
          null,
          null,
          null,
          null,
          null,
          null
        ]
      },
      "/Users/kyleperez/Desktop/plant-life-app/config/routes.rb": {
        "lines": [
          1,
          1,
          1,
          1,
          null,
          null,
          1,
          1,
          1,
          1,
          1,
          1,
          1,
          null,
          null,
          1,
          1,
          1,
          null,
          1,
          null,
          null,
          null
        ]
      },
      "/Users/kyleperez/Desktop/plant-life-app/app/controllers/application_controller.rb": {
        "lines": [
          1,
          null,
          1,
          0,
          null,
          null,
          null
        ]
      },
      "/Users/kyleperez/Desktop/plant-life-app/app/helpers/application_helper.rb": {
        "lines": [
          1,
          null
        ]
      },
      "/Users/kyleperez/Desktop/plant-life-app/app/models/admin_user.rb": {
        "lines": [
          1,
          null,
          null,
          1,
          null
        ]
      },
      "/Users/kyleperez/Desktop/plant-life-app/app/models/application_record.rb": {
        "lines": [
          1,
          1,
          null
        ]
      },
      "/Users/kyleperez/Desktop/plant-life-app/app/admin/admin_users.rb": {
        "lines": [
          1,
          1,
          null,
          1,
          0,
          0,
          0,
          0,
          0,
          0,
          0,
          null,
          null,
          1,
          1,
          1,
          1,
          null,
          1,
          0,
          0,
          0,
          0,
          null,
          0,
          null,
          null,
          null
        ]
      },
      "/Users/kyleperez/Desktop/plant-life-app/app/admin/dashboard.rb": {
        "lines": [
          1,
          1,
          null,
          1,
          0,
          0,
          0,
          0,
          null,
          null,
          null,
          null,
          null,
          null,
          null,
          null,
          null,
          null,
          null,
          null,
          null,
          null,
          null,
          null,
          null,
          null,
          null,
          null,
          null,
          null,
          null,
          null
        ]
      },
      "/Users/kyleperez/Desktop/plant-life-app/app/models/user.rb": {
        "lines": [
          1,
          1,
          1,
          1,
          1,
          null,
          null,
          1,
          null,
          null,
          1,
          1,
          0,
          null,
          null,
          null,
          null,
          1,
          0,
          0,
          0,
          0,
          0,
          null,
          null,
          0,
          null,
          null,
          1,
          0,
          0,
          0,
          0,
          0,
          0,
          0,
          0,
          0,
          0,
          0,
          0,
          0,
          0,
          0,
          0,
          0,
          0,
          0,
          0,
          0,
          0,
          0,
          null,
          null,
          0,
          0,
          null,
          0,
          null,
          0,
          null,
          null,
          1,
          0,
          0,
          0,
          0,
          null,
          0,
          null,
          null,
          1,
          0,
          0,
          0,
          0,
          null,
          0,
          null,
          null,
          1,
          0,
          0,
          0,
          0,
          null,
          0,
          null,
          null,
          null
        ]
      },
      "/Users/kyleperez/Desktop/plant-life-app/app/channels/application_cable/channel.rb": {
        "lines": [
          1,
          1,
          null,
          null
        ]
      },
      "/Users/kyleperez/Desktop/plant-life-app/app/channels/application_cable/connection.rb": {
        "lines": [
          1,
          1,
          null,
          null
        ]
      },
      "/Users/kyleperez/Desktop/plant-life-app/app/controllers/confirmations_controller.rb": {
        "lines": [
          1,
          1,
          1,
          0,
          0,
          null,
          null
        ]
      },
      "/Users/kyleperez/Desktop/plant-life-app/app/controllers/homes_controller.rb": {
        "lines": [
          1,
          null,
          1,
          0,
          0,
          0,
          null,
          null,
          null
        ]
      },
      "/Users/kyleperez/Desktop/plant-life-app/app/controllers/messages_controller.rb": {
        "lines": [
          1,
          1,
          null,
          1,
          0,
          0,
          null,
          null,
          1,
          0,
          0,
          0,
          0,
          null,
          null,
          1,
          0,
          null,
          null,
          1,
          0,
          null,
          null,
          1,
          0,
          null,
          null,
          1,
          null,
          1,
          0,
          null,
          null,
          1,
          0,
          null,
          null
        ]
      },
      "/Users/kyleperez/Desktop/plant-life-app/app/controllers/plants_controller.rb": {
        "lines": [
          1,
          1,
          null,
          null,
          null,
          null,
          null,
          null,
          null,
          1,
          0,
          0,
          0,
          null,
          null,
          1,
          0,
          0,
          0,
          0,
          0,
          null,
          null,
          1,
          0,
          0,
          0,
          0,
          null,
          0,
          0,
          0,
          null,
          null,
          null,
          1,
          0,
          0,
          0,
          null,
          null,
          1,
          0,
          0,
          0,
          0,
          0,
          0,
          0,
          null,
          0,
          null,
          null,
          null,
          1,
          0,
          0,
          0,
          0,
          0,
          0,
          null,
          0,
          null,
          null,
          null,
          1,
          0,
          0,
          0,
          null,
          null,
          1,
          0,
          0,
          0,
          0,
          0,
          null,
          0,
          0,
          0,
          null,
          null,
          0,
          0,
          0,
          null,
          null,
          null,
          1,
          0,
          0,
          0,
          0,
          null,
          null,
          1,
          1,
          0,
          null,
          null
        ]
      },
      "/Users/kyleperez/Desktop/plant-life-app/app/controllers/users_controller.rb": {
        "lines": [
          1,
          null,
          1,
          0,
          0,
          0,
          0,
          0,
          null,
          null,
          1,
          0,
          0,
          0,
          null,
          null,
          null,
          1,
          0,
          0,
          0,
          0,
          0,
          0,
          null,
          null,
          1,
          0,
          0,
          0,
          0,
          null,
          null
        ]
      },
      "/Users/kyleperez/Desktop/plant-life-app/app/jobs/application_job.rb": {
        "lines": [
          1,
          null
        ]
      },
      "/Users/kyleperez/Desktop/plant-life-app/app/mailers/application_mailer.rb": {
        "lines": [
          1,
          1,
          1,
          null
        ]
      },
      "/Users/kyleperez/Desktop/plant-life-app/app/mailers/order_mailer.rb": {
        "lines": [
          1,
          1,
          0,
          null,
          0,
          null,
          null
        ]
      },
      "/Users/kyleperez/Desktop/plant-life-app/app/mailers/welcome_mailer.rb": {
        "lines": [
          1,
          1,
          0,
          null,
          null
        ]
      },
      "/Users/kyleperez/Desktop/plant-life-app/app/models/message.rb": {
        "lines": [
          1,
          1,
          1,
          1,
          1,
          null
        ]
      },
      "/Users/kyleperez/Desktop/plant-life-app/app/models/plant.rb": {
        "lines": [
          1,
          1,
          1,
          1,
          1,
          null,
          1,
          7,
          4,
          4,
          3,
          2,
          2,
          null,
          1,
          1,
          null,
          null,
          null,
          1,
          0,
          null,
          null,
          1,
          5,
          5,
          1,
          4,
          1,
          3,
          1,
          2,
          1,
          null,
          1,
          null,
          5,
          null,
          null,
          null,
          null
        ]
      },
      "/Users/kyleperez/Desktop/plant-life-app/spec/models/admin_user_spec.rb": {
        "lines": [
          1,
          null,
          1,
          1,
          null
        ]
      },
      "/Users/kyleperez/Desktop/plant-life-app/spec/models/plant_spec.rb": {
        "lines": [
          1,
          null,
          null,
          1,
          2,
          null,
          2,
          2,
          null,
          1,
          1,
          1,
          1,
          1,
          1,
          1,
          null,
          null,
          1,
          1,
          1,
          1,
          null,
          null,
          1,
          1,
          1,
          1,
          null,
          null,
          1,
          1,
          1,
          null,
          null,
          1,
          1,
          1,
          1,
          1,
          1,
          null,
          null
        ]
      },
      "/Users/kyleperez/Desktop/plant-life-app/spec/models/user_spec.rb": {
        "lines": [
          1,
          null,
          1,
          2,
          null,
          1,
          1,
          1,
          1,
          1,
          1,
          1,
          null,
          null,
          1,
          1,
          1,
          1,
          null,
          null
        ]
      }
    },
    "timestamp": 1630012347
  }
}
